<?xml version="1.0" encoding="UTF-8"?>
<!-- Generated by org.testng.reporters.JUnitReportReporter -->
<testsuite hostname="ShwetaPunekar" failures="0" tests="14" name="p2.Cot" time="-3436690688.000" errors="2" timestamp="2024-06-14T11:40:38 IST" skipped="12">
  <testcase classname="p2.Cot" name="createOrgNameWithIndustry" time="0.000">
    <skipped/>
  </testcase> <!-- createOrgNameWithIndustry -->
  <system-out/>
  <testcase classname="p2.Cot" name="createOrgNameWithIndustry" time="0.000">
    <skipped/>
  </testcase> <!-- createOrgNameWithIndustry -->
  <system-out/>
  <testcase classname="p2.Cot" name="createOrganizationWithPhoneNumber" time="0.000">
    <skipped/>
  </testcase> <!-- createOrganizationWithPhoneNumber -->
  <system-out/>
  <testcase classname="p2.Cot" name="createOrgTest" time="0.000">
    <skipped/>
  </testcase> <!-- createOrgTest -->
  <system-out/>
  <testcase classname="p2.Cot" name="createOrganizationWithPhoneNumber" time="0.000">
    <skipped/>
  </testcase> <!-- createOrganizationWithPhoneNumber -->
  <system-out/>
  <testcase classname="p2.Cot" name="createOrgTest" time="0.000">
    <skipped/>
  </testcase> <!-- createOrgTest -->
  <system-out/>
  <testcase classname="p2.Cot" name="createOrganizationWithPhoneNumber" time="0.000">
    <skipped/>
  </testcase> <!-- createOrganizationWithPhoneNumber -->
  <system-out/>
  <testcase classname="p2.Cot" name="configBC" time="-1718345344.000">
    <error message="
Parameter &#039;BROWSER&#039; is required by BeforeClass on method configBC but has not been marked @Optional or defined
in D:\ECLIP_JAV\eclipse\ComcastCRMGUIFramework\invocation_threadPoolSize.xml" type="org.testng.TestNGException">
      <![CDATA[org.testng.TestNGException: 
Parameter 'BROWSER' is required by BeforeClass on method configBC but has not been marked @Optional or defined
in D:\ECLIP_JAV\eclipse\ComcastCRMGUIFramework\invocation_threadPoolSize.xml
at org.testng.internal.Parameters.createParams(Parameters.java:270)
at org.testng.internal.Parameters.createParametersForMethod(Parameters.java:358)
at org.testng.internal.Parameters.createParameters(Parameters.java:700)
at org.testng.internal.Parameters.createConfigurationParameters(Parameters.java:168)
at org.testng.internal.ConfigInvoker.invokeConfigurations(ConfigInvoker.java:302)
at org.testng.internal.TestMethodWorker.invokeBeforeClassMethods(TestMethodWorker.java:176)
at org.testng.internal.TestMethodWorker.run(TestMethodWorker.java:122)
at java.base/java.util.ArrayList.forEach(ArrayList.java:1511)
at org.testng.TestRunner.privateRun(TestRunner.java:794)
at org.testng.TestRunner.run(TestRunner.java:596)
at org.testng.SuiteRunner.runTest(SuiteRunner.java:377)
at org.testng.SuiteRunner.access$000(SuiteRunner.java:28)
at org.testng.SuiteRunner$SuiteWorker.run(SuiteRunner.java:418)
at org.testng.internal.thread.ThreadUtil.lambda$execute$0(ThreadUtil.java:64)
at java.base/java.util.concurrent.FutureTask.run(FutureTask.java:264)
at java.base/java.util.concurrent.ThreadPoolExecutor.runWorker(ThreadPoolExecutor.java:1136)
at java.base/java.util.concurrent.ThreadPoolExecutor$Worker.run(ThreadPoolExecutor.java:635)
at java.base/java.lang.Thread.run(Thread.java:833)
]]>
    </error>
  </testcase> <!-- configBC -->
  <system-out/>
  <testcase classname="p2.Cot" name="configBC" time="-1718345344.000">
    <error message="
Parameter &#039;BROWSER&#039; is required by BeforeClass on method configBC but has not been marked @Optional or defined
in D:\ECLIP_JAV\eclipse\ComcastCRMGUIFramework\invocation_threadPoolSize.xml" type="org.testng.TestNGException">
      <![CDATA[org.testng.TestNGException: 
Parameter 'BROWSER' is required by BeforeClass on method configBC but has not been marked @Optional or defined
in D:\ECLIP_JAV\eclipse\ComcastCRMGUIFramework\invocation_threadPoolSize.xml
at org.testng.internal.Parameters.createParams(Parameters.java:270)
at org.testng.internal.Parameters.createParametersForMethod(Parameters.java:358)
at org.testng.internal.Parameters.createParameters(Parameters.java:700)
at org.testng.internal.Parameters.createConfigurationParameters(Parameters.java:168)
at org.testng.internal.ConfigInvoker.invokeConfigurations(ConfigInvoker.java:302)
at org.testng.internal.TestMethodWorker.invokeBeforeClassMethods(TestMethodWorker.java:176)
at org.testng.internal.TestMethodWorker.run(TestMethodWorker.java:122)
at java.base/java.util.ArrayList.forEach(ArrayList.java:1511)
at org.testng.TestRunner.privateRun(TestRunner.java:794)
at org.testng.TestRunner.run(TestRunner.java:596)
at org.testng.SuiteRunner.runTest(SuiteRunner.java:377)
at org.testng.SuiteRunner.access$000(SuiteRunner.java:28)
at org.testng.SuiteRunner$SuiteWorker.run(SuiteRunner.java:418)
at org.testng.internal.thread.ThreadUtil.lambda$execute$0(ThreadUtil.java:64)
at java.base/java.util.concurrent.FutureTask.run(FutureTask.java:264)
at java.base/java.util.concurrent.ThreadPoolExecutor.runWorker(ThreadPoolExecutor.java:1136)
at java.base/java.util.concurrent.ThreadPoolExecutor$Worker.run(ThreadPoolExecutor.java:635)
at java.base/java.lang.Thread.run(Thread.java:833)
]]>
    </error>
  </testcase> <!-- configBC -->
  <system-out/>
  <testcase classname="p2.Cot" name="createOrgTest" time="0.000">
    <skipped/>
  </testcase> <!-- createOrgTest -->
  <system-out/>
  <testcase classname="p2.Cot" name="createOrgNameWithIndustry" time="0.000">
    <skipped/>
  </testcase> <!-- createOrgNameWithIndustry -->
  <system-out/>
  <testcase classname="p2.Cot" name="createOrgTest" time="0.000">
    <skipped/>
  </testcase> <!-- createOrgTest -->
  <system-out/>
  <testcase classname="p2.Cot" name="createOrganizationWithPhoneNumber" time="0.000">
    <skipped/>
  </testcase> <!-- createOrganizationWithPhoneNumber -->
  <system-out/>
  <testcase classname="p2.Cot" name="createOrgNameWithIndustry" time="0.000">
    <skipped/>
  </testcase> <!-- createOrgNameWithIndustry -->
  <system-out/>
</testsuite> <!-- p2.Cot -->
